<?xml version="1.0" encoding="UTF-8"?>
<!-- Generated by org.testng.reporters.JUnitReportReporter -->
<testsuite hostname="HemanthKumar" failures="0" tests="4" name="com.test.RegisterTest" time="83.111" errors="0" timestamp="2022-10-03T20:01:33 IST" skipped="0">
  <testcase classname="com.test.RegisterTest" name="register" time="61.137"/>
  <system-out/>
  <testcase classname="com.test.RegisterTest" name="login" time="13.994"/>
  <system-out/>
  <testcase classname="com.test.RegisterTest" name="search" time="4.312"/>
  <system-out/>
  <testcase classname="com.test.RegisterTest" name="addToCart" time="3.668"/>
  <system-out/>
</testsuite> <!-- com.test.RegisterTest -->
